<?xml version="1.0" ?>
<!DOCTYPE coverage SYSTEM "http://cobertura.sourceforge.net/xml/coverage-04.dtd">
<coverage lines-valid="330"  lines-covered="329"  line-rate="0.997"  branches-valid="109"  branches-covered="107"  branch-rate="0.9817"  timestamp="1455357314680" complexity="0" version="0.1">
<sources>
	<source>/Users/kuldeepkeshwar/sts_workspace/nb-frankenstein</source>
</sources>
<packages>
	<package name="scripts"  line-rate="1"  branch-rate="1" >
	<classes>
		<class name="app.js"  filename="app/scripts/app.js"  line-rate="1"  branch-rate="1" >
		<methods>
		</methods>
		<lines>
			<line number="54"  hits="1"  branch="false" />
		</lines>
		</class>
	</classes>
	</package>
	<package name="scripts.constants"  line-rate="1"  branch-rate="1" >
	<classes>
		<class name="config.js"  filename="app/scripts/constants/config.js"  line-rate="1"  branch-rate="1" >
		<methods>
		</methods>
		<lines>
			<line number="1"  hits="1"  branch="false" />
		</lines>
		</class>
	</classes>
	</package>
	<package name="scripts.controllers"  line-rate="1"  branch-rate="1" >
	<classes>
		<class name="auto-suggest.js"  filename="app/scripts/controllers/auto-suggest.js"  line-rate="1"  branch-rate="1" >
		<methods>
			<method name="(anonymous_1)"  hits="30"  signature="()V" >
				<lines><line number="65"  hits="30" /></lines>
			</method>
			<method name="(anonymous_2)"  hits="30"  signature="()V" >
				<lines><line number="70"  hits="30" /></lines>
			</method>
			<method name="(anonymous_3)"  hits="25"  signature="()V" >
				<lines><line number="74"  hits="25" /></lines>
			</method>
			<method name="(anonymous_4)"  hits="11"  signature="()V" >
				<lines><line number="78"  hits="11" /></lines>
			</method>
			<method name="(anonymous_5)"  hits="5"  signature="()V" >
				<lines><line number="81"  hits="5" /></lines>
			</method>
			<method name="(anonymous_6)"  hits="6"  signature="()V" >
				<lines><line number="86"  hits="6" /></lines>
			</method>
			<method name="(anonymous_7)"  hits="30"  signature="()V" >
				<lines><line number="93"  hits="30" /></lines>
			</method>
			<method name="(anonymous_8)"  hits="2"  signature="()V" >
				<lines><line number="96"  hits="2" /></lines>
			</method>
			<method name="(anonymous_9)"  hits="2"  signature="()V" >
				<lines><line number="102"  hits="2" /></lines>
			</method>
			<method name="(anonymous_10)"  hits="66"  signature="()V" >
				<lines><line number="108"  hits="66" /></lines>
			</method>
		</methods>
		<lines>
			<line number="64"  hits="1"  branch="false" />
			<line number="66"  hits="30"  branch="false" />
			<line number="67"  hits="30"  branch="false" />
			<line number="68"  hits="30"  branch="false" />
			<line number="69"  hits="30"  branch="false" />
			<line number="70"  hits="30"  branch="false" />
			<line number="71"  hits="30"  branch="false" />
			<line number="74"  hits="30"  branch="false" />
			<line number="75"  hits="25"  branch="false" />
			<line number="78"  hits="30"  branch="false" />
			<line number="79"  hits="11"  branch="false" />
			<line number="80"  hits="11"  branch="true"  condition-coverage="100% (2/2)" />
			<line number="81"  hits="5"  branch="false" />
			<line number="82"  hits="5"  branch="false" />
			<line number="83"  hits="5"  branch="false" />
			<line number="86"  hits="6"  branch="false" />
			<line number="87"  hits="6"  branch="false" />
			<line number="88"  hits="6"  branch="false" />
			<line number="91"  hits="11"  branch="false" />
			<line number="93"  hits="30"  branch="false" />
			<line number="94"  hits="30"  branch="false" />
			<line number="95"  hits="30"  branch="false" />
			<line number="96"  hits="30"  branch="false" />
			<line number="97"  hits="2"  branch="false" />
			<line number="98"  hits="2"  branch="false" />
			<line number="99"  hits="2"  branch="false" />
			<line number="100"  hits="2"  branch="false" />
			<line number="102"  hits="30"  branch="false" />
			<line number="103"  hits="2"  branch="false" />
			<line number="104"  hits="2"  branch="false" />
			<line number="105"  hits="2"  branch="false" />
			<line number="108"  hits="30"  branch="false" />
			<line number="110"  hits="66"  branch="false" />
		</lines>
		</class>
		<class name="enable-one-grp.js"  filename="app/scripts/controllers/enable-one-grp.js"  line-rate="1"  branch-rate="1" >
		<methods>
			<method name="(anonymous_1)"  hits="4"  signature="()V" >
				<lines><line number="31"  hits="4" /></lines>
			</method>
			<method name="(anonymous_2)"  hits="6"  signature="()V" >
				<lines><line number="33"  hits="6" /></lines>
			</method>
			<method name="(anonymous_3)"  hits="2"  signature="()V" >
				<lines><line number="36"  hits="2" /></lines>
			</method>
		</methods>
		<lines>
			<line number="30"  hits="1"  branch="false" />
			<line number="32"  hits="4"  branch="false" />
			<line number="33"  hits="4"  branch="false" />
			<line number="34"  hits="6"  branch="false" />
			<line number="36"  hits="4"  branch="false" />
			<line number="37"  hits="2"  branch="false" />
			<line number="38"  hits="4"  branch="true"  condition-coverage="100% (2/2)" />
			<line number="39"  hits="2"  branch="false" />
		</lines>
		</class>
	</classes>
	</package>
	<package name="scripts.directives"  line-rate="0.9954000000000001"  branch-rate="0.9861" >
	<classes>
		<class name="nb-auto-suggest.js"  filename="app/scripts/directives/nb-auto-suggest.js"  line-rate="0.9839"  branch-rate="0.9688" >
		<methods>
			<method name="(anonymous_1)"  hits="10"  signature="()V" >
				<lines><line number="124"  hits="10" /></lines>
			</method>
			<method name="(anonymous_2)"  hits="20"  signature="()V" >
				<lines><line number="130"  hits="20" /></lines>
			</method>
			<method name="(anonymous_3)"  hits="8"  signature="()V" >
				<lines><line number="139"  hits="8" /></lines>
			</method>
			<method name="(anonymous_4)"  hits="6"  signature="()V" >
				<lines><line number="160"  hits="6" /></lines>
			</method>
			<method name="trigger"  hits="5"  signature="()V" >
				<lines><line number="167"  hits="5" /></lines>
			</method>
			<method name="(anonymous_6)"  hits="3"  signature="()V" >
				<lines><line number="180"  hits="3" /></lines>
			</method>
			<method name="(anonymous_7)"  hits="1"  signature="()V" >
				<lines><line number="188"  hits="1" /></lines>
			</method>
			<method name="(anonymous_8)"  hits="12"  signature="()V" >
				<lines><line number="193"  hits="12" /></lines>
			</method>
			<method name="(anonymous_9)"  hits="20"  signature="()V" >
				<lines><line number="202"  hits="20" /></lines>
			</method>
		</methods>
		<lines>
			<line number="123"  hits="1"  branch="false" />
			<line number="125"  hits="10"  branch="false" />
			<line number="126"  hits="10"  branch="false" />
			<line number="131"  hits="20"  branch="false" />
			<line number="132"  hits="20"  branch="false" />
			<line number="133"  hits="20"  branch="false" />
			<line number="134"  hits="20"  branch="false" />
			<line number="135"  hits="20"  branch="false" />
			<line number="136"  hits="20"  branch="false" />
			<line number="137"  hits="20"  branch="false" />
			<line number="138"  hits="20"  branch="false" />
			<line number="139"  hits="20"  branch="false" />
			<line number="140"  hits="8"  branch="true"  condition-coverage="100% (4/4)" />
			<line number="141"  hits="6"  branch="false" />
			<line number="143"  hits="6"  branch="true"  condition-coverage="100% (4/4)" />
			<line number="144"  hits="1"  branch="false" />
			<line number="146"  hits="6"  branch="true"  condition-coverage="100% (4/4)" />
			<line number="147"  hits="2"  branch="false" />
			<line number="149"  hits="6"  branch="true"  condition-coverage="100% (2/2)" />
			<line number="150"  hits="3"  branch="false" />
			<line number="151"  hits="3"  branch="false" />
			<line number="155"  hits="8"  branch="true"  condition-coverage="100% (4/4)" />
			<line number="156"  hits="1"  branch="false" />
			<line number="160"  hits="20"  branch="false" />
			<line number="161"  hits="6"  branch="true"  condition-coverage="100% (2/2)" />
			<line number="162"  hits="2"  branch="false" />
			<line number="163"  hits="2"  branch="false" />
			<line number="165"  hits="4"  branch="false" />
			<line number="167"  hits="1"  branch="false" />
			<line number="168"  hits="5"  branch="false" />
			<line number="169"  hits="5"  branch="true"  condition-coverage="100% (2/2)" />
			<line number="170"  hits="4"  branch="false" />
			<line number="172"  hits="5"  branch="true"  condition-coverage="100% (4/4)" />
			<line number="173"  hits="1"  branch="false" />
			<line number="176"  hits="4"  branch="false" />
			<line number="178"  hits="5"  branch="false" />
			<line number="179"  hits="5"  branch="true"  condition-coverage="100% (4/4)" />
			<line number="180"  hits="3"  branch="false" />
			<line number="181"  hits="3"  branch="false" />
			<line number="184"  hits="2"  branch="false" />
			<line number="188"  hits="20"  branch="false" />
			<line number="189"  hits="1"  branch="false" />
			<line number="190"  hits="1"  branch="false" />
			<line number="191"  hits="1"  branch="false" />
			<line number="193"  hits="20"  branch="false" />
			<line number="194"  hits="12"  branch="false" />
			<line number="195"  hits="12"  branch="true"  condition-coverage="50% (1/2)" />
			<line number="196"  hits="0"  branch="false" />
			<line number="198"  hits="12"  branch="false" />
			<line number="202"  hits="20"  branch="false" />
			<line number="203"  hits="20"  branch="false" />
			<line number="204"  hits="20"  branch="false" />
			<line number="205"  hits="20"  branch="false" />
			<line number="206"  hits="20"  branch="false" />
			<line number="207"  hits="20"  branch="false" />
			<line number="208"  hits="20"  branch="false" />
			<line number="209"  hits="20"  branch="false" />
			<line number="210"  hits="20"  branch="false" />
			<line number="211"  hits="20"  branch="false" />
			<line number="212"  hits="20"  branch="false" />
			<line number="213"  hits="20"  branch="false" />
			<line number="214"  hits="20"  branch="false" />
		</lines>
		</class>
		<class name="nb-countdown.js"  filename="app/scripts/directives/nb-countdown.js"  line-rate="1"  branch-rate="1" >
		<methods>
			<method name="(anonymous_1)"  hits="6"  signature="()V" >
				<lines><line number="54"  hits="6" /></lines>
			</method>
			<method name="defaultOptions"  hits="13"  signature="()V" >
				<lines><line number="55"  hits="13" /></lines>
			</method>
			<method name="(anonymous_3)"  hits="13"  signature="()V" >
				<lines><line number="63"  hits="13" /></lines>
			</method>
			<method name="showCountDown"  hits="27"  signature="()V" >
				<lines><line number="72"  hits="27" /></lines>
			</method>
			<method name="(anonymous_5)"  hits="2"  signature="()V" >
				<lines><line number="86"  hits="2" /></lines>
			</method>
		</methods>
		<lines>
			<line number="53"  hits="1"  branch="false" />
			<line number="55"  hits="1"  branch="false" />
			<line number="56"  hits="13"  branch="false" />
			<line number="61"  hits="6"  branch="false" />
			<line number="64"  hits="13"  branch="false" />
			<line number="66"  hits="13"  branch="true"  condition-coverage="100% (4/4)" />
			<line number="67"  hits="12"  branch="false" />
			<line number="69"  hits="1"  branch="false" />
			<line number="72"  hits="1"  branch="false" />
			<line number="73"  hits="27"  branch="false" />
			<line number="74"  hits="27"  branch="true"  condition-coverage="100% (2/2)" />
			<line number="75"  hits="6"  branch="false" />
			<line number="76"  hits="6"  branch="true"  condition-coverage="100% (2/2)" />
			<line number="77"  hits="3"  branch="false" />
			<line number="80"  hits="27"  branch="false" />
			<line number="83"  hits="12"  branch="false" />
			<line number="85"  hits="12"  branch="false" />
			<line number="86"  hits="12"  branch="false" />
			<line number="87"  hits="2"  branch="false" />
		</lines>
		</class>
		<class name="nb-enable-one-grp.js"  filename="app/scripts/directives/nb-enable-one-grp.js"  line-rate="1"  branch-rate="1" >
		<methods>
			<method name="(anonymous_1)"  hits="3"  signature="()V" >
				<lines><line number="31"  hits="3" /></lines>
			</method>
		</methods>
		<lines>
			<line number="30"  hits="1"  branch="false" />
			<line number="32"  hits="3"  branch="false" />
		</lines>
		</class>
		<class name="nb-enable-one.js"  filename="app/scripts/directives/nb-enable-one.js"  line-rate="1"  branch-rate="1" >
		<methods>
			<method name="(anonymous_1)"  hits="2"  signature="()V" >
				<lines><line number="33"  hits="2" /></lines>
			</method>
			<method name="(anonymous_2)"  hits="4"  signature="()V" >
				<lines><line number="37"  hits="4" /></lines>
			</method>
			<method name="(anonymous_3)"  hits="1"  signature="()V" >
				<lines><line number="43"  hits="1" /></lines>
			</method>
			<method name="(anonymous_4)"  hits="2"  signature="()V" >
				<lines><line number="49"  hits="2" /></lines>
			</method>
			<method name="(anonymous_5)"  hits="1"  signature="()V" >
				<lines><line number="53"  hits="1" /></lines>
			</method>
		</methods>
		<lines>
			<line number="32"  hits="1"  branch="false" />
			<line number="34"  hits="2"  branch="false" />
			<line number="38"  hits="4"  branch="false" />
			<line number="39"  hits="4"  branch="false" />
			<line number="40"  hits="4"  branch="false" />
			<line number="41"  hits="4"  branch="false" />
			<line number="44"  hits="1"  branch="false" />
			<line number="45"  hits="1"  branch="false" />
			<line number="48"  hits="4"  branch="false" />
			<line number="49"  hits="4"  branch="false" />
			<line number="50"  hits="2"  branch="false" />
			<line number="51"  hits="2"  branch="true"  condition-coverage="100% (2/2)" />
			<line number="52"  hits="1"  branch="false" />
			<line number="53"  hits="1"  branch="false" />
			<line number="54"  hits="1"  branch="false" />
		</lines>
		</class>
		<class name="nb-file-upload.js"  filename="app/scripts/directives/nb-file-upload.js"  line-rate="1"  branch-rate="1" >
		<methods>
			<method name="(anonymous_1)"  hits="5"  signature="()V" >
				<lines><line number="58"  hits="5" /></lines>
			</method>
			<method name="(anonymous_2)"  hits="5"  signature="()V" >
				<lines><line number="64"  hits="5" /></lines>
			</method>
			<method name="(anonymous_3)"  hits="2"  signature="()V" >
				<lines><line number="76"  hits="2" /></lines>
			</method>
			<method name="(anonymous_4)"  hits="1"  signature="()V" >
				<lines><line number="83"  hits="1" /></lines>
			</method>
			<method name="(anonymous_5)"  hits="1"  signature="()V" >
				<lines><line number="86"  hits="1" /></lines>
			</method>
		</methods>
		<lines>
			<line number="57"  hits="1"  branch="false" />
			<line number="59"  hits="5"  branch="false" />
			<line number="62"  hits="5"  branch="false" />
			<line number="65"  hits="5"  branch="false" />
			<line number="66"  hits="5"  branch="false" />
			<line number="67"  hits="5"  branch="true"  condition-coverage="100% (2/2)" />
			<line number="68"  hits="1"  branch="false" />
			<line number="72"  hits="4"  branch="true"  condition-coverage="100% (2/2)" />
			<line number="73"  hits="3"  branch="false" />
			<line number="76"  hits="4"  branch="false" />
			<line number="77"  hits="2"  branch="false" />
			<line number="78"  hits="2"  branch="false" />
			<line number="79"  hits="2"  branch="false" />
			<line number="84"  hits="1"  branch="false" />
			<line number="87"  hits="1"  branch="false" />
		</lines>
		</class>
		<class name="nb-form-validation-message.js"  filename="app/scripts/directives/nb-form-validation-message.js"  line-rate="1"  branch-rate="1" >
		<methods>
			<method name="(anonymous_1)"  hits="8"  signature="()V" >
				<lines><line number="42"  hits="8" /></lines>
			</method>
			<method name="containsAny"  hits="5"  signature="()V" >
				<lines><line number="44"  hits="5" /></lines>
			</method>
			<method name="(anonymous_3)"  hits="23"  signature="()V" >
				<lines><line number="62"  hits="23" /></lines>
			</method>
			<method name="timeOutFn"  hits="18"  signature="()V" >
				<lines><line number="70"  hits="18" /></lines>
			</method>
			<method name="focusOutFn"  hits="5"  signature="()V" >
				<lines><line number="74"  hits="5" /></lines>
			</method>
			<method name="keyPressFn"  hits="1"  signature="()V" >
				<lines><line number="86"  hits="1" /></lines>
			</method>
		</methods>
		<lines>
			<line number="41"  hits="1"  branch="false" />
			<line number="43"  hits="8"  branch="false" />
			<line number="44"  hits="1"  branch="false" />
			<line number="45"  hits="5"  branch="false" />
			<line number="46"  hits="5"  branch="false" />
			<line number="47"  hits="3"  branch="false" />
			<line number="48"  hits="3"  branch="true"  condition-coverage="100% (2/2)" />
			<line number="49"  hits="2"  branch="false" />
			<line number="50"  hits="2"  branch="false" />
			<line number="53"  hits="3"  branch="true"  condition-coverage="100% (2/2)" />
			<line number="54"  hits="2"  branch="false" />
			<line number="57"  hits="5"  branch="false" />
			<line number="59"  hits="8"  branch="false" />
			<line number="63"  hits="23"  branch="false" />
			<line number="64"  hits="23"  branch="true"  condition-coverage="100% (4/4)" />
			<line number="65"  hits="1"  branch="false" />
			<line number="67"  hits="22"  branch="false" />
			<line number="68"  hits="22"  branch="false" />
			<line number="69"  hits="22"  branch="false" />
			<line number="70"  hits="22"  branch="false" />
			<line number="71"  hits="18"  branch="false" />
			<line number="72"  hits="18"  branch="false" />
			<line number="73"  hits="18"  branch="false" />
			<line number="74"  hits="18"  branch="false" />
			<line number="75"  hits="5"  branch="true"  condition-coverage="100% (4/4)" />
			<line number="76"  hits="2"  branch="false" />
			<line number="77"  hits="2"  branch="false" />
			<line number="78"  hits="2"  branch="false" />
			<line number="80"  hits="3"  branch="false" />
			<line number="81"  hits="3"  branch="false" />
			<line number="82"  hits="3"  branch="false" />
			<line number="86"  hits="18"  branch="false" />
			<line number="87"  hits="1"  branch="false" />
			<line number="88"  hits="1"  branch="false" />
			<line number="89"  hits="1"  branch="false" />
		</lines>
		</class>
		<class name="nb-help.js"  filename="app/scripts/directives/nb-help.js"  line-rate="1"  branch-rate="1" >
		<methods>
			<method name="(anonymous_1)"  hits="3"  signature="()V" >
				<lines><line number="37"  hits="3" /></lines>
			</method>
			<method name="(anonymous_2)"  hits="9"  signature="()V" >
				<lines><line number="40"  hits="9" /></lines>
			</method>
			<method name="(anonymous_3)"  hits="9"  signature="()V" >
				<lines><line number="47"  hits="9" /></lines>
			</method>
			<method name="(anonymous_4)"  hits="9"  signature="()V" >
				<lines><line number="53"  hits="9" /></lines>
			</method>
		</methods>
		<lines>
			<line number="36"  hits="1"  branch="false" />
			<line number="38"  hits="3"  branch="false" />
			<line number="41"  hits="9"  branch="false" />
			<line number="42"  hits="9"  branch="false" />
			<line number="43"  hits="9"  branch="false" />
			<line number="44"  hits="9"  branch="false" />
			<line number="45"  hits="9"  branch="false" />
			<line number="48"  hits="9"  branch="false" />
			<line number="49"  hits="9"  branch="true"  condition-coverage="100% (2/2)" />
			<line number="50"  hits="6"  branch="false" />
			<line number="52"  hits="9"  branch="false" />
			<line number="53"  hits="9"  branch="false" />
			<line number="54"  hits="9"  branch="false" />
			<line number="55"  hits="9"  branch="false" />
		</lines>
		</class>
		<class name="nb-key-enter.js"  filename="app/scripts/directives/nb-key-enter.js"  line-rate="1"  branch-rate="1" >
		<methods>
			<method name="(anonymous_1)"  hits="1"  signature="()V" >
				<lines><line number="35"  hits="1" /></lines>
			</method>
			<method name="(anonymous_2)"  hits="1"  signature="()V" >
				<lines><line number="36"  hits="1" /></lines>
			</method>
			<method name="(anonymous_3)"  hits="2"  signature="()V" >
				<lines><line number="37"  hits="2" /></lines>
			</method>
			<method name="(anonymous_4)"  hits="1"  signature="()V" >
				<lines><line number="39"  hits="1" /></lines>
			</method>
		</methods>
		<lines>
			<line number="34"  hits="1"  branch="false" />
			<line number="36"  hits="1"  branch="false" />
			<line number="37"  hits="1"  branch="false" />
			<line number="38"  hits="2"  branch="true"  condition-coverage="100% (2/2)" />
			<line number="39"  hits="1"  branch="false" />
			<line number="40"  hits="1"  branch="false" />
			<line number="42"  hits="1"  branch="false" />
		</lines>
		</class>
		<class name="nb-landline-number-validation.js"  filename="app/scripts/directives/nb-landline-number-validation.js"  line-rate="1"  branch-rate="1" >
		<methods>
			<method name="(anonymous_1)"  hits="2"  signature="()V" >
				<lines><line number="39"  hits="2" /></lines>
			</method>
			<method name="(anonymous_2)"  hits="2"  signature="()V" >
				<lines><line number="46"  hits="2" /></lines>
			</method>
		</methods>
		<lines>
			<line number="38"  hits="1"  branch="false" />
			<line number="40"  hits="2"  branch="false" />
			<line number="44"  hits="2"  branch="false" />
			<line number="47"  hits="2"  branch="false" />
		</lines>
		</class>
		<class name="nb-loader.js"  filename="app/scripts/directives/nb-loader.js"  line-rate="1"  branch-rate="1" >
		<methods>
			<method name="(anonymous_1)"  hits="6"  signature="()V" >
				<lines><line number="69"  hits="6" /></lines>
			</method>
			<method name="(anonymous_2)"  hits="6"  signature="()V" >
				<lines><line number="72"  hits="6" /></lines>
			</method>
			<method name="(anonymous_3)"  hits="3"  signature="()V" >
				<lines><line number="90"  hits="3" /></lines>
			</method>
		</methods>
		<lines>
			<line number="68"  hits="1"  branch="false" />
			<line number="70"  hits="6"  branch="false" />
			<line number="73"  hits="6"  branch="false" />
			<line number="74"  hits="6"  branch="false" />
			<line number="75"  hits="6"  branch="true"  condition-coverage="100% (2/2)" />
			<line number="76"  hits="5"  branch="false" />
			<line number="77"  hits="5"  branch="true"  condition-coverage="100% (2/2)" />
			<line number="78"  hits="5"  branch="true"  condition-coverage="100% (2/2)" />
			<line number="79"  hits="4"  branch="false" />
			<line number="80"  hits="4"  branch="false" />
			<line number="82"  hits="1"  branch="false" />
			<line number="84"  hits="5"  branch="false" />
			<line number="85"  hits="5"  branch="false" />
			<line number="87"  hits="1"  branch="false" />
			<line number="90"  hits="5"  branch="false" />
			<line number="91"  hits="3"  branch="true"  condition-coverage="100% (2/2)" />
			<line number="92"  hits="2"  branch="true"  condition-coverage="100% (2/2)" />
			<line number="93"  hits="1"  branch="false" />
			<line number="95"  hits="1"  branch="false" />
		</lines>
		</class>
		<class name="nb-numeric-validation.js"  filename="app/scripts/directives/nb-numeric-validation.js"  line-rate="1"  branch-rate="1" >
		<methods>
			<method name="(anonymous_1)"  hits="4"  signature="()V" >
				<lines><line number="36"  hits="4" /></lines>
			</method>
			<method name="(anonymous_2)"  hits="8"  signature="()V" >
				<lines><line number="41"  hits="8" /></lines>
			</method>
		</methods>
		<lines>
			<line number="35"  hits="1"  branch="false" />
			<line number="37"  hits="4"  branch="false" />
			<line number="39"  hits="4"  branch="false" />
			<line number="42"  hits="8"  branch="false" />
		</lines>
		</class>
		<class name="nb-phonenumber-validation.js"  filename="app/scripts/directives/nb-phonenumber-validation.js"  line-rate="1"  branch-rate="1" >
		<methods>
			<method name="(anonymous_1)"  hits="2"  signature="()V" >
				<lines><line number="39"  hits="2" /></lines>
			</method>
			<method name="(anonymous_2)"  hits="2"  signature="()V" >
				<lines><line number="57"  hits="2" /></lines>
			</method>
		</methods>
		<lines>
			<line number="38"  hits="1"  branch="false" />
			<line number="40"  hits="2"  branch="false" />
			<line number="55"  hits="2"  branch="false" />
			<line number="58"  hits="2"  branch="false" />
		</lines>
		</class>
		<class name="nb-std-code-validation.js"  filename="app/scripts/directives/nb-std-code-validation.js"  line-rate="1"  branch-rate="1" >
		<methods>
			<method name="(anonymous_1)"  hits="2"  signature="()V" >
				<lines><line number="40"  hits="2" /></lines>
			</method>
			<method name="(anonymous_2)"  hits="2"  signature="()V" >
				<lines><line number="61"  hits="2" /></lines>
			</method>
		</methods>
		<lines>
			<line number="39"  hits="1"  branch="false" />
			<line number="41"  hits="2"  branch="false" />
			<line number="58"  hits="2"  branch="false" />
			<line number="62"  hits="2"  branch="false" />
		</lines>
		</class>
		<class name="nb-tooltip.js"  filename="app/scripts/directives/nb-tooltip.js"  line-rate="1"  branch-rate="1" >
		<methods>
			<method name="(anonymous_1)"  hits="1"  signature="()V" >
				<lines><line number="30"  hits="1" /></lines>
			</method>
			<method name="(anonymous_2)"  hits="1"  signature="()V" >
				<lines><line number="33"  hits="1" /></lines>
			</method>
		</methods>
		<lines>
			<line number="29"  hits="1"  branch="false" />
			<line number="31"  hits="1"  branch="false" />
			<line number="34"  hits="1"  branch="false" />
			<line number="35"  hits="1"  branch="false" />
			<line number="36"  hits="1"  branch="false" />
		</lines>
		</class>
		<class name="static-include.js"  filename="app/scripts/directives/static-include.js"  line-rate="1"  branch-rate="1" >
		<methods>
			<method name="(anonymous_1)"  hits="1"  signature="()V" >
				<lines><line number="38"  hits="1" /></lines>
			</method>
			<method name="(anonymous_2)"  hits="1"  signature="()V" >
				<lines><line number="39"  hits="1" /></lines>
			</method>
			<method name="(anonymous_3)"  hits="1"  signature="()V" >
				<lines><line number="43"  hits="1" /></lines>
			</method>
		</methods>
		<lines>
			<line number="37"  hits="1"  branch="false" />
			<line number="39"  hits="1"  branch="false" />
			<line number="40"  hits="1"  branch="false" />
			<line number="41"  hits="1"  branch="false" />
			<line number="43"  hits="1"  branch="false" />
			<line number="45"  hits="1"  branch="false" />
			<line number="46"  hits="1"  branch="false" />
		</lines>
		</class>
	</classes>
	</package>
	<package name="scripts.services"  line-rate="1"  branch-rate="0.9697" >
	<classes>
		<class name="nb-help.js"  filename="app/scripts/services/nb-help.js"  line-rate="1"  branch-rate="1" >
		<methods>
			<method name="(anonymous_1)"  hits="71"  signature="()V" >
				<lines><line number="26"  hits="71" /></lines>
			</method>
			<method name="(anonymous_2)"  hits="95"  signature="()V" >
				<lines><line number="32"  hits="95" /></lines>
			</method>
			<method name="(anonymous_3)"  hits="4"  signature="()V" >
				<lines><line number="36"  hits="4" /></lines>
			</method>
			<method name="(anonymous_4)"  hits="10"  signature="()V" >
				<lines><line number="39"  hits="10" /></lines>
			</method>
			<method name="(anonymous_5)"  hits="9"  signature="()V" >
				<lines><line number="44"  hits="9" /></lines>
			</method>
		</methods>
		<lines>
			<line number="25"  hits="1"  branch="false" />
			<line number="29"  hits="71"  branch="false" />
			<line number="32"  hits="71"  branch="false" />
			<line number="33"  hits="95"  branch="false" />
			<line number="36"  hits="71"  branch="false" />
			<line number="37"  hits="4"  branch="false" />
			<line number="38"  hits="4"  branch="false" />
			<line number="39"  hits="4"  branch="false" />
			<line number="40"  hits="10"  branch="false" />
			<line number="41"  hits="10"  branch="true"  condition-coverage="100% (2/2)" />
			<line number="42"  hits="4"  branch="false" />
			<line number="44"  hits="10"  branch="false" />
			<line number="45"  hits="9"  branch="false" />
			<line number="51"  hits="10"  branch="false" />
			<line number="54"  hits="4"  branch="false" />
		</lines>
		</class>
		<class name="nb-logger.js"  filename="app/scripts/services/nb-logger.js"  line-rate="1"  branch-rate="1" >
		<methods>
		</methods>
		<lines>
		</lines>
		</class>
		<class name="nb-object-util.js"  filename="app/scripts/services/nb-object-util.js"  line-rate="1"  branch-rate="1" >
		<methods>
			<method name="(anonymous_1)"  hits="27"  signature="()V" >
				<lines><line number="39"  hits="27" /></lines>
			</method>
			<method name="(anonymous_2)"  hits="2"  signature="()V" >
				<lines><line number="43"  hits="2" /></lines>
			</method>
			<method name="(anonymous_3)"  hits="3"  signature="()V" >
				<lines><line number="49"  hits="3" /></lines>
			</method>
			<method name="(anonymous_4)"  hits="33"  signature="()V" >
				<lines><line number="65"  hits="33" /></lines>
			</method>
		</methods>
		<lines>
			<line number="38"  hits="1"  branch="false" />
			<line number="42"  hits="27"  branch="false" />
			<line number="43"  hits="27"  branch="false" />
			<line number="44"  hits="2"  branch="false" />
			<line number="45"  hits="2"  branch="true"  condition-coverage="100% (2/2)" />
			<line number="46"  hits="1"  branch="false" />
			<line number="49"  hits="27"  branch="false" />
			<line number="50"  hits="3"  branch="true"  condition-coverage="100% (2/2)" />
			<line number="51"  hits="1"  branch="false" />
			<line number="53"  hits="2"  branch="false" />
			<line number="54"  hits="2"  branch="false" />
			<line number="55"  hits="5"  branch="true"  condition-coverage="100% (2/2)" />
			<line number="56"  hits="1"  branch="false" />
			<line number="58"  hits="4"  branch="true"  condition-coverage="100% (5/5)" />
			<line number="59"  hits="2"  branch="false" />
			<line number="65"  hits="27"  branch="false" />
			<line number="66"  hits="33"  branch="true"  condition-coverage="100% (4/4)" />
			<line number="67"  hits="1"  branch="false" />
			<line number="69"  hits="32"  branch="false" />
			<line number="70"  hits="32"  branch="true"  condition-coverage="100% (2/2)" />
			<line number="71"  hits="1"  branch="false" />
			<line number="73"  hits="31"  branch="false" />
			<line number="75"  hits="27"  branch="false" />
		</lines>
		</class>
		<class name="nbformvalidation.js"  filename="app/scripts/services/nbformvalidation.js"  line-rate="1"  branch-rate="0.9167000000000001" >
		<methods>
			<method name="(anonymous_1)"  hits="13"  signature="()V" >
				<lines><line number="20"  hits="13" /></lines>
			</method>
			<method name="(anonymous_2)"  hits="17"  signature="()V" >
				<lines><line number="23"  hits="17" /></lines>
			</method>
			<method name="(anonymous_3)"  hits="19"  signature="()V" >
				<lines><line number="26"  hits="19" /></lines>
			</method>
		</methods>
		<lines>
			<line number="19"  hits="1"  branch="false" />
			<line number="21"  hits="13"  branch="false" />
			<line number="23"  hits="13"  branch="false" />
			<line number="24"  hits="17"  branch="false" />
			<line number="26"  hits="17"  branch="false" />
			<line number="27"  hits="19"  branch="true"  condition-coverage="100% (2/2)" />
			<line number="28"  hits="19"  branch="true"  condition-coverage="100% (2/2)" />
			<line number="29"  hits="1"  branch="false" />
			<line number="32"  hits="18"  branch="true"  condition-coverage="50% (1/2)" />
			<line number="33"  hits="18"  branch="true"  condition-coverage="100% (4/4)" />
			<line number="34"  hits="18"  branch="true"  condition-coverage="100% (2/2)" />
			<line number="35"  hits="12"  branch="false" />
			<line number="37"  hits="6"  branch="false" />
			<line number="42"  hits="13"  branch="false" />
		</lines>
		</class>
		<class name="toast-message.js"  filename="app/scripts/services/toast-message.js"  line-rate="1"  branch-rate="1" >
		<methods>
			<method name="(anonymous_1)"  hits="2"  signature="()V" >
				<lines><line number="64"  hits="2" /></lines>
			</method>
			<method name="(anonymous_2)"  hits="2"  signature="()V" >
				<lines><line number="75"  hits="2" /></lines>
			</method>
			<method name="(anonymous_3)"  hits="1"  signature="()V" >
				<lines><line number="82"  hits="1" /></lines>
			</method>
			<method name="(anonymous_4)"  hits="1"  signature="()V" >
				<lines><line number="89"  hits="1" /></lines>
			</method>
		</methods>
		<lines>
			<line number="63"  hits="1"  branch="false" />
			<line number="65"  hits="2"  branch="false" />
			<line number="69"  hits="2"  branch="false" />
			<line number="70"  hits="2"  branch="false" />
			<line number="71"  hits="2"  branch="false" />
			<line number="72"  hits="2"  branch="false" />
			<line number="75"  hits="2"  branch="false" />
			<line number="76"  hits="2"  branch="false" />
			<line number="78"  hits="2"  branch="false" />
			<line number="79"  hits="2"  branch="false" />
			<line number="81"  hits="2"  branch="true"  condition-coverage="100% (2/2)" />
			<line number="82"  hits="1"  branch="false" />
			<line number="83"  hits="1"  branch="false" />
			<line number="84"  hits="1"  branch="false" />
			<line number="88"  hits="2"  branch="false" />
			<line number="90"  hits="1"  branch="false" />
			<line number="91"  hits="1"  branch="false" />
			<line number="92"  hits="1"  branch="false" />
			<line number="98"  hits="2"  branch="false" />
		</lines>
		</class>
	</classes>
	</package>
</packages>
</coverage>
